<?xml version="1.0" encoding="UTF-8"?>
<!-- Generated by org.testng.reporters.JUnitReportReporter -->
<testsuite hostname="hp" failures="0" tests="8" name="TestNGpack2.PriorityClass" time="0.017" errors="0" timestamp="2023-01-21T14:21:46 IST" skipped="0">
  <testcase classname="TestNGpack2.PriorityClass" name="z" time="0.009"/>
  <system-out>
    <![CDATA[z]]>
  </system-out>
  <testcase classname="TestNGpack2.PriorityClass" name="b" time="0.002"/>
  <system-out>
    <![CDATA[b]]>
  </system-out>
  <testcase classname="TestNGpack2.PriorityClass" name="g" time="0.001"/>
  <system-out>
    <![CDATA[g]]>
  </system-out>
  <testcase classname="TestNGpack2.PriorityClass" name="k" time="0.001"/>
  <system-out>
    <![CDATA[k]]>
  </system-out>
  <testcase classname="TestNGpack2.PriorityClass" name="a" time="0.001"/>
  <system-out>
    <![CDATA[a]]>
  </system-out>
  <testcase classname="TestNGpack2.PriorityClass" name="i" time="0.001"/>
  <system-out>
    <![CDATA[i]]>
  </system-out>
  <testcase classname="TestNGpack2.PriorityClass" name="h" time="0.001"/>
  <system-out>
    <![CDATA[h]]>
  </system-out>
  <testcase classname="TestNGpack2.PriorityClass" name="p" time="0.001"/>
  <system-out>
    <![CDATA[p]]>
  </system-out>
</testsuite> <!-- TestNGpack2.PriorityClass -->
