<?xml version="1.0" encoding="UTF-8"?>
<!-- Generated by org.testng.reporters.JUnitReportReporter -->
<testsuite hostname="hp" failures="0" tests="2" name="TestNGpack2.testNG4" time="0.009" errors="0" timestamp="2023-01-23T14:41:15 IST" skipped="0">
  <testcase classname="TestNGpack2.testNG4" name="Tomorrow" time="0.007"/>
  <system-out>
    <![CDATA[tomorrow methodis the thread]]>
  </system-out>
  <testcase classname="TestNGpack2.testNG4" name="today" time="0.002"/>
  <system-out>
    <![CDATA[today methodis the thread]]>
  </system-out>
</testsuite> <!-- TestNGpack2.testNG4 -->
