<?xml version="1.0" encoding="UTF-8"?>
<!-- Generated by org.testng.reporters.JUnitReportReporter -->
<testsuite hostname="hp" failures="0" tests="3" name="TestNG.test" time="0.004" errors="0" timestamp="2023-01-20T14:57:52 IST" skipped="0">
  <testcase classname="TestNG.test" name="test" time="0.002"/>
  <system-out>
    <![CDATA[this is test method!!]]>
  </system-out>
  <testcase classname="TestNG.test" name="test1" time="0.001"/>
  <system-out>
    <![CDATA[this is test1 method]]>
  </system-out>
  <testcase classname="TestNG.test" name="test2" time="0.001"/>
  <system-out>
    <![CDATA[this is test2 method]]>
  </system-out>
</testsuite> <!-- TestNG.test -->
