<?xml version="1.0" encoding="UTF-8"?>
<!-- Generated by org.testng.reporters.JUnitReportReporter -->
<testsuite hostname="hp" failures="0" tests="2" name="TestNGpack2.TestNG3" time="0.015" errors="0" timestamp="2023-01-23T14:20:54 IST" skipped="0">
  <testcase classname="TestNGpack2.TestNG3" name="method2" time="0.002"/>
  <system-out>
    <![CDATA[i am method2]]>
  </system-out>
  <testcase classname="TestNGpack2.TestNG3" name="method1" time="0.013"/>
  <system-out>
    <![CDATA[i am method2]]>
  </system-out>
</testsuite> <!-- TestNGpack2.TestNG3 -->
