<?xml version="1.0" encoding="UTF-8"?>
<!-- Generated by org.testng.reporters.JUnitReportReporter -->
<testsuite hostname="hp" failures="0" tests="9" name="TestNGpack2.Flag6" time="0.017" errors="0" timestamp="2023-01-21T14:58:59 IST" skipped="0">
  <testcase classname="TestNGpack2.Flag6" name="it4" time="0.001"/>
  <system-out>
    <![CDATA[Integration Testing1]]>
  </system-out>
  <testcase classname="TestNGpack2.Flag6" name="st4" time="0.000"/>
  <system-out>
    <![CDATA[System Testing]]>
  </system-out>
  <testcase classname="TestNGpack2.Flag6" name="st5" time="0.001"/>
  <system-out>
    <![CDATA[System Testing]]>
  </system-out>
  <testcase classname="TestNGpack2.Flag6" name="it2" time="0.001"/>
  <system-out>
    <![CDATA[Integration Testing1]]>
  </system-out>
  <testcase classname="TestNGpack2.Flag6" name="it3" time="0.002"/>
  <system-out>
    <![CDATA[Integration Testing1]]>
  </system-out>
  <testcase classname="TestNGpack2.Flag6" name="it1" time="0.008"/>
  <system-out>
    <![CDATA[Integration Testing1]]>
  </system-out>
  <testcase classname="TestNGpack2.Flag6" name="st2" time="0.001"/>
  <system-out>
    <![CDATA[System Testing]]>
  </system-out>
  <testcase classname="TestNGpack2.Flag6" name="it5" time="0.001"/>
  <system-out>
    <![CDATA[Integration Testing1]]>
  </system-out>
  <testcase classname="TestNGpack2.Flag6" name="st1" time="0.002"/>
  <system-out>
    <![CDATA[System Testing]]>
  </system-out>
</testsuite> <!-- TestNGpack2.Flag6 -->
