<?xml version="1.0" encoding="UTF-8"?>
<!-- Generated by org.testng.reporters.JUnitReportReporter -->
<testsuite hostname="hp" failures="0" tests="3" name="TestNG.sumo" time="0.011" errors="0" timestamp="2023-01-20T14:57:52 IST" skipped="0">
  <testcase classname="TestNG.sumo" name="sumo" time="0.009"/>
  <system-out>
    <![CDATA[this is sumo method!!]]>
  </system-out>
  <testcase classname="TestNG.sumo" name="sumo1" time="0.001"/>
  <system-out>
    <![CDATA[this is sumo1 method!!]]>
  </system-out>
  <testcase classname="TestNG.sumo" name="sumo2" time="0.001"/>
  <system-out>
    <![CDATA[this is sumo2 method!!]]>
  </system-out>
</testsuite> <!-- TestNG.sumo -->
