<?xml version="1.0" encoding="UTF-8"?>
<!-- Generated by org.testng.reporters.JUnitReportReporter -->
<testsuite hostname="hp" failures="0" tests="1" name="TestNGpack2.Class4" time="3.936" errors="0" timestamp="2023-01-23T14:33:14 IST" skipped="0">
  <testcase classname="TestNGpack2.Class4" name="manual" time="3.936"/>
  <system-out/>
</testsuite> <!-- TestNGpack2.Class4 -->
